<?xml version="1.0" encoding="UTF-8"?>
<testng-results skipped="0" failed="0" total="1" passed="1">
  <reporter-output>
  </reporter-output>
  <suite name="Default suite" duration-ms="77338" started-at="2014-08-06T09:47:01Z" finished-at="2014-08-06T09:48:19Z">
    <groups>
    </groups>
    <test name="Default test" duration-ms="77338" started-at="2014-08-06T09:47:01Z" finished-at="2014-08-06T09:48:19Z">
      <class name="secretEscape.NewTest">
        <test-method status="PASS" signature="beforeTest()[pri:0, instance:secretEscape.NewTest@1dff3a2]" name="beforeTest" is-config="true" duration-ms="6" started-at="2014-08-06T15:17:01Z" finished-at="2014-08-06T15:17:01Z">
          <reporter-output>
          </reporter-output>
        </test-method> <!-- beforeTest -->
        <test-method status="PASS" signature="beforeMethod()[pri:0, instance:secretEscape.NewTest@1dff3a2]" name="beforeMethod" is-config="true" duration-ms="16730" started-at="2014-08-06T15:17:01Z" finished-at="2014-08-06T15:17:18Z">
          <reporter-output>
          </reporter-output>
        </test-method> <!-- beforeMethod -->
        <test-method status="PASS" signature="Test()[pri:0, instance:secretEscape.NewTest@1dff3a2]" name="Test" duration-ms="57240" started-at="2014-08-06T15:17:18Z" finished-at="2014-08-06T15:18:15Z">
          <reporter-output>
          </reporter-output>
        </test-method> <!-- Test -->
        <test-method status="PASS" signature="afterMethod()[pri:0, instance:secretEscape.NewTest@1dff3a2]" name="afterMethod" is-config="true" duration-ms="3353" started-at="2014-08-06T15:18:15Z" finished-at="2014-08-06T15:18:19Z">
          <reporter-output>
          </reporter-output>
        </test-method> <!-- afterMethod -->
        <test-method status="PASS" signature="afterTest()[pri:0, instance:secretEscape.NewTest@1dff3a2]" name="afterTest" is-config="true" duration-ms="0" started-at="2014-08-06T15:18:19Z" finished-at="2014-08-06T15:18:19Z">
          <reporter-output>
          </reporter-output>
        </test-method> <!-- afterTest -->
      </class> <!-- secretEscape.NewTest -->
    </test> <!-- Default test -->
  </suite> <!-- Default suite -->
</testng-results>
